<?xml version="1.0" encoding="UTF-8"?>
<testng-results skipped="0" failed="0" ignored="0" total="2" passed="2">
  <reporter-output>
  </reporter-output>
  <suite name="Suite" duration-ms="7966" started-at="2022-03-09T16:07:39 IST" finished-at="2022-03-09T16:07:47 IST">
    <groups>
    </groups>
    <test name="Test1" duration-ms="7966" started-at="2022-03-09T16:07:39 IST" finished-at="2022-03-09T16:07:47 IST">
      <class name="TestCases.FirstTestCase">
        <test-method status="PASS" signature="init()[pri:0, instance:TestCases.FirstTestCase@1e7c7811]" name="init" is-config="true" duration-ms="7338" started-at="2022-03-09T16:07:39 IST" finished-at="2022-03-09T16:07:46 IST">
          <reporter-output>
          </reporter-output>
        </test-method> <!-- init -->
        <test-method status="PASS" signature="validateImage()[pri:0, instance:TestCases.FirstTestCase@1e7c7811]" name="validateImage" duration-ms="82" started-at="2022-03-09T16:07:46 IST" finished-at="2022-03-09T16:07:47 IST">
          <reporter-output>
          </reporter-output>
        </test-method> <!-- validateImage -->
        <test-method status="PASS" signature="validatetitle()[pri:0, instance:TestCases.FirstTestCase@1e7c7811]" name="validatetitle" duration-ms="6" started-at="2022-03-09T16:07:47 IST" finished-at="2022-03-09T16:07:47 IST">
          <reporter-output>
          </reporter-output>
        </test-method> <!-- validatetitle -->
        <test-method status="PASS" signature="tearDown()[pri:0, instance:TestCases.FirstTestCase@1e7c7811]" name="tearDown" is-config="true" duration-ms="508" started-at="2022-03-09T16:07:47 IST" finished-at="2022-03-09T16:07:47 IST">
          <reporter-output>
          </reporter-output>
        </test-method> <!-- tearDown -->
      </class> <!-- TestCases.FirstTestCase -->
    </test> <!-- Test1 -->
  </suite> <!-- Suite -->
</testng-results>
